2024-08-04 11:31:15,789:WARNING:
'cuml' is a soft dependency and not included in the pycaret installation. Please run: `pip install cuml` to install.
2024-08-04 11:31:15,789:WARNING:
'cuml' is a soft dependency and not included in the pycaret installation. Please run: `pip install cuml` to install.
2024-08-04 11:31:15,789:WARNING:
'cuml' is a soft dependency and not included in the pycaret installation. Please run: `pip install cuml` to install.
2024-08-04 11:31:15,789:WARNING:
'cuml' is a soft dependency and not included in the pycaret installation. Please run: `pip install cuml` to install.
2024-08-04 12:34:42,091:WARNING:C:\Users\sameer\AppData\Local\Packages\PythonSoftwareFoundation.Python.3.11_qbz5n2kfra8p0\LocalCache\local-packages\Python311\site-packages\sklearn\model_selection\_validation.py:547: FitFailedWarning:


126 fits failed out of a total of 300.
The score on these train-test partitions for these parameters will be set to nan.
If these failures are not expected, you can try to debug them by setting error_score='raise'.

Below are more details about the failures:
--------------------------------------------------------------------------------
81 fits failed with the following error:
Traceback (most recent call last):
  File "C:\Users\sameer\AppData\Local\Packages\PythonSoftwareFoundation.Python.3.11_qbz5n2kfra8p0\LocalCache\local-packages\Python311\site-packages\sklearn\model_selection\_validation.py", line 895, in _fit_and_score
    estimator.fit(X_train, y_train, **fit_params)
  File "C:\Users\sameer\AppData\Local\Packages\PythonSoftwareFoundation.Python.3.11_qbz5n2kfra8p0\LocalCache\local-packages\Python311\site-packages\sklearn\base.py", line 1467, in wrapper
    estimator._validate_params()
  File "C:\Users\sameer\AppData\Local\Packages\PythonSoftwareFoundation.Python.3.11_qbz5n2kfra8p0\LocalCache\local-packages\Python311\site-packages\sklearn\base.py", line 666, in _validate_params
    validate_parameter_constraints(
  File "C:\Users\sameer\AppData\Local\Packages\PythonSoftwareFoundation.Python.3.11_qbz5n2kfra8p0\LocalCache\local-packages\Python311\site-packages\sklearn\utils\_param_validation.py", line 95, in validate_parameter_constraints
    raise InvalidParameterError(
sklearn.utils._param_validation.InvalidParameterError: The 'max_features' parameter of RandomForestRegressor must be an int in the range [1, inf), a float in the range (0.0, 1.0], a str among {'log2', 'sqrt'} or None. Got 'auto' instead.

--------------------------------------------------------------------------------
45 fits failed with the following error:
Traceback (most recent call last):
  File "C:\Users\sameer\AppData\Local\Packages\PythonSoftwareFoundation.Python.3.11_qbz5n2kfra8p0\LocalCache\local-packages\Python311\site-packages\sklearn\model_selection\_validation.py", line 895, in _fit_and_score
    estimator.fit(X_train, y_train, **fit_params)
  File "C:\Users\sameer\AppData\Local\Packages\PythonSoftwareFoundation.Python.3.11_qbz5n2kfra8p0\LocalCache\local-packages\Python311\site-packages\sklearn\base.py", line 1467, in wrapper
    estimator._validate_params()
  File "C:\Users\sameer\AppData\Local\Packages\PythonSoftwareFoundation.Python.3.11_qbz5n2kfra8p0\LocalCache\local-packages\Python311\site-packages\sklearn\base.py", line 666, in _validate_params
    validate_parameter_constraints(
  File "C:\Users\sameer\AppData\Local\Packages\PythonSoftwareFoundation.Python.3.11_qbz5n2kfra8p0\LocalCache\local-packages\Python311\site-packages\sklearn\utils\_param_validation.py", line 95, in validate_parameter_constraints
    raise InvalidParameterError(
sklearn.utils._param_validation.InvalidParameterError: The 'max_features' parameter of RandomForestRegressor must be an int in the range [1, inf), a float in the range (0.0, 1.0], a str among {'sqrt', 'log2'} or None. Got 'auto' instead.



2024-08-04 12:34:42,095:WARNING:C:\Users\sameer\AppData\Local\Packages\PythonSoftwareFoundation.Python.3.11_qbz5n2kfra8p0\LocalCache\local-packages\Python311\site-packages\sklearn\model_selection\_search.py:1051: UserWarning:

One or more of the test scores are non-finite: [       nan 0.92832873 0.91627214        nan 0.91531152 0.91130405
 0.9513755         nan 0.68676324        nan 0.90270674        nan
        nan        nan        nan 0.90287115        nan 0.81865457
        nan        nan        nan 0.85001023 0.85068885        nan
        nan 0.89178361 0.91137067 0.90303171 0.78409354 0.91613369
 0.85107022        nan 0.93136044        nan        nan 0.67542428
 0.95268766 0.93872195 0.85598689        nan 0.95136739        nan
        nan 0.90286661 0.91608105 0.91395744 0.7892713         nan
        nan        nan        nan 0.87112388        nan        nan
 0.91646339 0.94931232 0.79098462 0.87871382        nan 0.87194385
 0.92772655        nan 0.84998677        nan        nan 0.84957871
 0.92991784        nan 0.79538394 0.93698807 0.79290383 0.91385266
 0.95042616        nan 0.91373646 0.91624908        nan        nan
 0.90268821        nan 0.89885051        nan 0.69464076        nan
 0.92936814        nan 0.84742804 0.7903862  0.94949272        nan
 0.91598964 0.91585056 0.94947738 0.79027832 0.91297519 0.67913728
        nan        nan 0.84821286        nan]


